[debug] [2022-06-23T08:36:09.581Z] ----------------------------------------------------------------------
[debug] [2022-06-23T08:36:09.583Z] Command:       C:\Program Files\nodejs\node.exe C:\Users\Khyati\AppData\Roaming\npm\node_modules\firebase-tools\lib\bin\firebase.js login
[debug] [2022-06-23T08:36:09.583Z] CLI Version:   11.1.0
[debug] [2022-06-23T08:36:09.584Z] Platform:      win32
[debug] [2022-06-23T08:36:09.584Z] Node Version:  v18.3.0
[debug] [2022-06-23T08:36:09.585Z] Time:          Thu Jun 23 2022 14:06:09 GMT+0530 (India Standard Time)
[debug] [2022-06-23T08:36:09.585Z] ----------------------------------------------------------------------
[debug] 
[info] i  Firebase optionally collects CLI usage and error reporting information to help improve our products. Data is collected in accordance with Google's privacy policy (https://policies.google.com/privacy) and is not used to identify you.
 
[info] i  To change your data collection preference at any time, run `firebase logout` and log in again. 
[info] 
[info] Visit this URL on this device to log in:
[info] https://accounts.google.com/o/oauth2/auth?client_id=563584335869-fgrhgmd47bqnekij5i8b5pr03ho849e6.apps.googleusercontent.com&scope=email%20openid%20https%3A%2F%2Fwww.googleapis.com%2Fauth%2Fcloudplatformprojects.readonly%20https%3A%2F%2Fwww.googleapis.com%2Fauth%2Ffirebase%20https%3A%2F%2Fwww.googleapis.com%2Fauth%2Fcloud-platform&response_type=code&state=204418038&redirect_uri=http%3A%2F%2Flocalhost%3A9005
[info] 
[info] Waiting for authentication...
[debug] [2022-06-23T08:36:11.864Z] Error: spawn cmd ENOENT
    at ChildProcess._handle.onexit (node:internal/child_process:283:19)
    at onErrorNT (node:internal/child_process:476:16)
    at process.processTicksAndRejections (node:internal/process/task_queues:82:21)
[error] 
[error] Error: An unexpected error has occurred.
